0 servomotor
	download successfully
1 respirator
	already exists
1 occluder
	download successfully
2 disinter
	download successfully
3 prosector
	download successfully
4 annunciator
	already exists
4 ripper
	download successfully
5 butter
	already exists
5 motherer
	download successfully
6 rasher
	download successfully
7 courtier
	already exists
7 nester
	download successfully
8 pulpiteer
	download successfully
9 terror
	already exists
9 dampener
	already exists
9 refractor
	download successfully
10 exchequer
	already exists
10 accipiter
	download successfully
11 twister
	download successfully
12 bonkbuster
	download successfully
13 anaphor
	download successfully
14 glider
	already exists
14 hotelier
	already exists
14 negotiator
	already exists
14 buyer
	already exists
14 godmother
	already exists
14 nipper
	download successfully
15 justiciar
	already exists
15 buccaneer
	download successfully
16 kaiser
	already exists
16 wrapper
	already exists
16 shifter
	download successfully
17 snapper
	download successfully
18 conifer
	download successfully
19 cleaver
	already exists
19 brewer
	already exists
19 throwster
	download successfully
20 cucumber
	already exists
20 negator
	download successfully
21 harrier
	download successfully
22 loadmaster
	download successfully
23 meistersinger
	download successfully
24 potager
	download successfully
25 thunder
	already exists
25 roemer
	download successfully
26 liar
	already exists
26 pardner
	download successfully
27 cheeseburger
	download successfully
28 tiller
	download successfully
29 november
	download successfully
30 hackbutter
	download successfully
31 pryer
	download successfully
32 caterer
	download successfully
33 preacher
	already exists
33 dimer
	download successfully
34 garter
	already exists
34 torpor
	download successfully
35 greaser
	download successfully
36 spectrometer
	already exists
36 robber
	download successfully
37 indenter
	download successfully
38 streetwear
	already exists
38 carpenter
	already exists
38 prayer
	already exists
38 handshaker
	download successfully
39 taster
	download successfully
40 admirer
	already exists
40 commutator
	already exists
40 astronomer
	already exists
40 explorer
	already exists
40 bugger
	already exists
40 freethinker
	download successfully
41 cipher
	already exists
41 anchor
	already exists
41 qualifier
	download successfully
42 haberdasher
	already exists
42 spanner
	download successfully
43 splutter
	download successfully
44 hijacker
	download successfully
45 bowyer
	download successfully
46 steamroller
	download successfully
47 poster
	already exists
47 rescuer
	already exists
47 chafer
	download successfully
48 racketeer
	download successfully
49 topper
	download successfully
50 clatter
	already exists
50 error
	already exists
50 slimmer
	already exists
50 chandelier
	already exists
50 interdictor
	download successfully
51 firemaster
	download successfully
52 durbar
	download successfully
53 pensioner
	already exists
53 doomsayer
	download successfully
54 contactor
	download successfully
55 wallpaper
	already exists
55 shudder
	already exists
55 linebacker
	download successfully
56 reorder
	download successfully
57 squasher
	download successfully
58 canker
	download successfully
59 songwriter
	already exists
59 curler
	download successfully
60 karabiner
	download successfully
61 hunker
	download successfully
62 masturbator
	download successfully
63 sear
	download successfully
64 hardanger
	download successfully
65 salvor
	download successfully
66 pepper
	already exists
66 cocksucker
	download successfully
67 gobstopper
	download successfully
68 micromanipulator
	download successfully
69 sprinkler
	download successfully
70 aerogenerator
	download successfully
71 protector
	already exists
71 denominator
	already exists
71 vindicator
	download successfully
72 bogtrotter
	download successfully
73 traitor
	already exists
73 cheesemaker
	download successfully
74 overbear
	download successfully
75 ruddervator
	download successfully
76 plotter
	already exists
76 censor
	already exists
76 cryer
	download successfully
77 missioner
	already exists
77 peeper
	already exists
77 hander
	download successfully
78 lather
	download successfully
79 renumber
	download successfully
80 computor
	download successfully
81 hellraiser
	download successfully
82 nebelwerfer
	download successfully
83 ripener
	download successfully
84 enchanter
	download successfully
85 mariner
	download successfully
86 monomer
	already exists
86 ribber
	download successfully
87 thiller
	download successfully
88 subordinator
	download successfully
89 sapper
	download successfully
90 dipper
	download successfully
91 softener
	download successfully
92 malefactor
	download successfully
93 heptamer
	download successfully
94 legislator
	download successfully
95 mountaineer
	download successfully
96 sampler
	already exists
96 scar
	already exists
96 glitter
	already exists
96 gasholder
	download successfully
97 rancher
	download successfully
98 idolater
	download successfully
99 playmaker
	download successfully
100 solicitor
	already exists
100 publisher
	already exists
100 headstander
	download successfully
101 scaremonger
	already exists
101 gulper
	download successfully
102 storekeeper
	download successfully
103 excelsior
	download successfully
104 ichor
	download successfully
105 diddler
	download successfully
106 sputter
	download successfully
107 fruiterer
	download successfully
108 overlooker
	download successfully
109 bencher
	download successfully
110 clobber
	download successfully
111 berserker
	download successfully
112 slammer
	already exists
112 blender
	already exists
112 sagar
	download successfully
113 calender
	already exists
113 advertiser
	already exists
113 concealer
	download successfully
114 container
	already exists
114 trocar
	download successfully
115 borrower
	download successfully
116 commoner
	already exists
116 scamster
	download successfully
117 cyber
	download successfully
118 cancer
	already exists
118 transporter
	download successfully
119 moonflower
	already exists
119 bender
	download successfully
120 coulter
	download successfully
121 tracker
	download successfully
122 blatter
	download successfully
123 adder
	already exists
123 stridor
	download successfully
124 marketeer
	already exists
124 sufferer
	already exists
124 hacker
	download successfully
125 alabaster
	already exists
125 gatekeeper
	download successfully
126 broker
	already exists
126 neanderthaler
	download successfully
127 seer
	already exists
127 dagger
	already exists
127 milker
	download successfully
128 dumpster
	download successfully
129 queuer
	download successfully
130 procurator
	download successfully
131 castor
	download successfully
132 wurlitzer
	download successfully
133 berliner
	download successfully
134 glimmer
	already exists
134 backpacker
	download successfully
135 minster
	already exists
135 palmier
	download successfully
136 bearer
	already exists
136 nonamer
	download successfully
137 controller
	already exists
137 solar
	download successfully
138 swagger
	already exists
138 comforter
	download successfully
139 autochanger
	download successfully
140 ventilator
	already exists
140 poker
	already exists
140 potter
	already exists
140 stayer
	download successfully
141 observator
	download successfully
142 flogger
	download successfully
143 partygoer
	download successfully
144 cocker
	download successfully
145 camcorder
	already exists
145 cashier
	already exists
145 regretter
	download successfully
146 girder
	download successfully
147 avatar
	already exists
147 carver
	already exists
147 ricercar
	download successfully
148 assessor
	already exists
148 meteor
	download successfully
149 slither
	download successfully
150 insurer
	download successfully
151 issuer
	download successfully
152 scorekeeper
	download successfully
153 forrader
	download successfully
154 chamfer
	download successfully
155 riser
	download successfully
156 networker
	download successfully
157 gomer
	download successfully
158 jaeger
	download successfully
159 milometer
	download successfully
160 stepladder
	download successfully
161 lidar
	download successfully
162 arbiter
	already exists
162 reformer
	already exists0 hopper
	already exists
0 listener
	already exists
0 cracker
	already exists
0 cockchafer
	download successfully
1 fluoropolymer
	download successfully
2 rotor
	already exists
2 slimmer
	already exists
2 scoter
	download successfully
3 thrower
	download successfully
4 transistor
	already exists
4 briar
	download successfully
5 cloister
	already exists
5 nagar
	download successfully
6 peeper
	already exists
6 fruiterer
	already exists
6 easterner
	download successfully
7 superstar
	already exists
7 survivor
	already exists
7 negator
	already exists
7 ranker
	download successfully
8 flyover
	download successfully
9 autoreceptor
	download successfully
10 whoremonger
	download successfully
11 taper
	already exists
11 talker
	already exists
11 glimmer
	already exists
11 crusader
	already exists
11 braunschweiger
	download successfully
12 ulcer
	already exists
12 manger
	already exists
12 destroyer
	already exists
12 cytometer
	download successfully
13 metacharacter
	download successfully
14 extinguisher
	download successfully
15 endmember
	download successfully
16 paperbacker
	download successfully
17 warder
	already exists
17 founder
	already exists
17 turgor
	download successfully
18 doomsayer
	already exists
18 aggravator
	download successfully
19 divisor
	download successfully
20 pyrometer
	download successfully
21 foreigner
	already exists
21 winchester
	download successfully
22 cooler
	already exists
22 debugger
	download successfully
23 wafer
	download successfully
24 header
	already exists
24 restorer
	already exists
24 cunnigar
	download successfully
25 designer
	already exists
25 musketeer
	already exists
25 cinemagoer
	download successfully
26 compressor
	already exists
26 intercellular
	download successfully
27 gossipmonger
	download successfully
28 naar
	download successfully
29 purificator
	already exists
29 alabaster
	already exists
29 footer
	download successfully
30 curricular
	already exists
30 grammar
	already exists
30 goosander
	download successfully
31 polymer
	already exists
31 playboater
	download successfully
32 noisemaker
	already exists
32 comptroller
	already exists
32 dweller
	download successfully
33 cellarer
	download successfully
34 subscriber
	already exists
34 pullover
	already exists
34 lascar
	download successfully
35 printer
	already exists
35 dudder
	download successfully
36 printmaker
	download successfully
37 freelancer
	download successfully
38 alnager
	download successfully
39 covenantor
	download successfully
40 overdoor
	download successfully
41 producer
	already exists
41 conveyor
	already exists
41 foyer
	already exists
41 magar
	download successfully
42 romancer
	download successfully
43 accelerometer
	download successfully
44 padder
	download successfully
45 spymaster
	download successfully
46 governor
	already exists
46 gunter
	download successfully
47 lucifer
	download successfully
48 over
	already exists
48 lager
	already exists
48 dyer
	download successfully
49 spieler
	download successfully
50 polarimeter
	download successfully
51 tanner
	download successfully
52 regretter
	already exists
52 taster
	already exists
52 liquor
	already exists
52 homeowner
	download successfully
53 tender
	already exists
53 bustler
	download successfully
54 cipher
	already exists
54 rigger
	download successfully
55 spanker
	already exists
55 tucker
	download successfully
56 eyeliner
	download successfully
57 thriller
	already exists
57 stonker
	download successfully
58 hangar
	already exists
58 predecessor
	already exists
58 jobseeker
	download successfully
59 absorptiometer
	download successfully
60 overbidder
	download successfully
61 traitor
	already exists
61 sinker
	already exists
61 vintner
	download successfully
62 carrier
	already exists
62 stayer
	already exists
62 stepfather
	already exists
62 hacker
	already exists
62 auger
	already exists
62 networker
	already exists
62 diameter
	already exists
62 stoor
	already exists
62 inhaler
	download successfully
63 pecker
	download successfully
64 uniter
	download successfully
65 schoolmaster
	already exists
65 grocer
	already exists
65 cliffhanger
	download successfully
66 renter
	download successfully
67 bushmaster
	download successfully
68 newsletter
	already exists
68 conifer
	already exists
68 motivator
	download successfully
69 sledgehammer
	download successfully
70 rubberwear
	download successfully
71 senior
	download successfully
72 converter
	already exists
72 backwater
	already exists
72 vendor
	already exists
72 bearer
	already exists
72 debunker
	download successfully
73 dressmaker
	already exists
73 gutter
	already exists
73 slaveholder
	download successfully
74 sprinkler
	already exists
74 autolocator
	download successfully
75 conjuror
	download successfully
76 cigar
	already exists
76 plumber
	already exists
76 coprocessor
	download successfully
77 protocluster
	already exists
77 lavender
	already exists
77 tomorrer
	download successfully
78 postmaster
	already exists
78 autoinjector
	download successfully
79 groundhopper
	download successfully
80 leaver
	already exists
80 dodder
	download successfully
81 spectrometer
	already exists
81 biomatter
	download successfully
82 saunter
	download successfully
83 inheritor
	already exists
83 speaker
	already exists
83 bluster
	already exists
83 idolater
	already exists
83 norther
	download successfully
84 imaginator
	download successfully
85 replicator
	download successfully
86 tower
	already exists
86 ironfounder
	download successfully
87 treecreeper
	download successfully
88 scholar
	already exists
88 adviser
	already exists
88 mawther
	download successfully
89 genever
	download successfully
90 archer
	download successfully
91 purler
	download successfully
92 reassurer
	download successfully
93 torpor
	already exists
93 signwriter
	download successfully
94 radar
	already exists
94 supertanker
	already exists
94 glazier
	download successfully
95 beaker
	already exists
95 berliner
	already exists
95 user
	already exists
95 slicker
	download successfully
96 higgler
	download successfully
97 flivver
	download successfully
98 clatter
	already exists
98 anchor
	already exists
98 malingerer
	download successfully
99 charger
	download successfully
100 fiddler
	download successfully
101 bursar
	download successfully
102 spinnaker
	already exists
102 poofter
	download successfully
103 lifesaver
	download successfully
104 butter
	already exists
104 silver
	already exists
104 worshipper
	already exists
104 setter
	download successfully
105 occupier
	download successfully
106 supplier
	already exists
106 saver
	download successfully
107 rancher
	already exists
107 coffer
	download successfully
108 brigadier
	already exists
108 developer
	already exists
108 advertiser
	already exists
108 gospeller
	download successfully
109 windflower
	download successfully
110 dampener
	already exists
110 reconditioner
	download successfully
111 gamester
	download successfully
112 gangster
	download successfully
113 camber
	download successfully
114 tabor
	download successfully
115 elder
	already exists
115 interdictor
	already exists
115 regulator
	already exists
115 sheer
	download successfully
116 poulter
	already exists
116 dishwasher
	already exists
116 observator
	already exists
116 transporter
	already exists
116 ripper
	already exists
116 tuner
	download successfully
117 bouvier
	already exists
117 conquistador
	download successfully
118 yer
	download successfully
119 slather
	already exists
119 comper
	download successfully
120 explainer
	download successfully
121 carver
	already exists
121 trocar
	already exists
121 pathographer
	already exists
121 trager
	download successfully
122 traverser
	download successfully
123 minicar
	download successfully
124 plover
	already exists
124 dictator
	already exists
124 quartier
	download successfully
125 muddler
	already exists
125 vector
	already exists
125 photometer
	already exists
125 firecracker
	download successfully
126 slammer
	already exists
126 chukar
	download successfully
127 heller
	download successfully
128 defector
	already exists
128 suber
	download successfully
129 sugar
	already exists
129 gasper
	download successfully
130 blender
	already exists
130 hoover
	download successfully
131 estimator
	download successfully
132 whisper
	already exists
132 robber
	already exists
132 custodier
	already exists
132 heldentenor
	already exists
132 joiner
	already exists
132 pilfer
	download successfully
133 monsignor
	already exists
133 oar
	already exists
133 quaestor
	download successfully
134 grubber
	download successfully
135 disgorger
	download successfully
136 effer
	download successfully
137 shipmaster
	already exists
137 claimer
	already exists
137 dimmer
	download successfully
138 debtor
	already exists
138 lecturer
	already exists
138 hamster
	download successfully
139 fellmonger
	download successfully
140 biopolymer
	download successfully
141 spelter
	download successfully
142 multiprocessor
	already exists
142 courier
	already exists
142 epilator
	already exists
142 pushover
	already exists
142 lector
	download successfully
143 stepsister
	download successfully
144 milker
	already exists
144 flipper
	already exists
144 commuter
	already exists
144 porter
	already exists
144 bruvver
	download successfully
145 realpolitiker
	already exists
145 rotamer
	download successfully
146 glitter
	already exists
146 stockholder
	download successfully
147 erector
	download successfully
148 boomer
	download successfully
149 sunstar
	download successfully
150 sneer
	already exists
150 deschooler
	already exists
150 publisher
	already exists
150 inhibitor
	already exists
150 shredder
	download successfully
151 oleander
	download successfully
152 heater
	already exists
152 contender
	already exists
152 obligor
	download successfully
153 quipster
	download successfully
154 linebacker
	already exists
154 calendar
	already exists
154 freethinker
	already exists
154 hardliner
	download successfully
155 spanner
	already exists
155 headgear
	already exists
155 poler
	download successfully
156 polluter
	already exists
156 toolmaker
	download successfully
157 lipizzaner
	download successfully
158 cauliflower
	already exists
158 plunder
	already exists
158 comparator
	download successfully
159 suspender
	already exists
159 stryker
	download successfully
160 reveller
	already exists
160 caesar
	already exists
160 forecaster
	already exists
160 collaborator
	already exists
160 fender
	already exists
160 walker
	already exists
160 tipster
	download successfully
161 citer
	download successfully
162 bricklayer
	download successfully
163 diver
	already exists
163 showstopper
	download successfully
164 karabiner
	already exists
164 sputter
	already exists
164 accommodator
	download successfully
165 backmarker
	already exists
165 gatekeeper
	already exists
165 poker
	already exists
165 groundwater
	download successfully
166 fever
	already exists
166 womenswear
	already exists
166 psalter
	already exists
166 polylinker
	download successfully
167 imagesetter
	download successfully
168 importer
	already exists
168 pinscher
	download successfully
169 bugger
	already exists
169 detonator
	download successfully
170 lumber
	download successfully
171 barker
	download successfully
172 transceiver
	already exists
172 burglar
	already exists
172 demurrer
	download successfully
173 castor
	already exists
173 acer
	download successfully
174 pledgor
	already exists
174 coalmaster
	download successfully
175 springer
	already exists
175 crossover
	already exists
175 copper
	already exists
175 partygoer
	already exists
175 umber
	already exists
175 interpreter
	already exists
175 dresser
	already exists
175 inclinometer
	download successfully
176 recapitulator
	download successfully
177 oversteer
	download successfully
178 banger
	already exists
178 gomer
	already exists
178 loiter
	already exists
178 etrier
	already exists
178 rugger
	download successfully
179 spatter
	download successfully
180 greener
	download successfully
181 falsifier
	already exists
181 jugular
	download successfully
182 after
	download successfully
183 burner
	already exists
183 comer
	already exists
183 cutter
	already exists
183 newcomer
	already exists
183 caber
	download successfully
184 coriander
	download successfully
185 softener
	already exists
185 copter
	download successfully
186 iyengar
	already exists
186 paver
	download successfully
187 poulterer
	already exists
187 shudder
	already exists
187 studier
	download successfully
188 sounder
	already exists
188 micropower
	download successfully
189 river
	already exists
189 parser
	download successfully
190 subfloor
	download successfully
191 bidder
	already exists
191 clearer
	download successfully
192 baffler
	download successfully
193 crupper
	download successfully
194 liar
	already exists
194 begrudger
	download successfully
195 quicksilver
	already exists
195 cheeseburger
	already exists
195 feeler
	download successfully
196 oncer
	download successfully
197 widower
	already exists
197 cantilever
	download successfully
198 gasifier
	download successfully
199 emulsifier
	download successfully
200 filmgoer
	download successfully
201 warrantor
	download successfully
202 eigenvector
	download successfully
203 switchover
	download successfully
204 gambler
	already exists
204 pronator
	download successfully
205 keyholder
	download successfully
206 langar
	download successfully
207 villager
	already exists
207 octamer
	already exists
207 staker
	download successfully
208 impostor
	download successfully
209 glider
	already exists
209 chocker
	download successfully
210 nebelwerfer
	already exists
210 whopper
	download successfully
211 sternwheeler
	download successfully
212 galvanometer
	download successfully
213 hotelier
	already exists
213 violator
	download successfully
214 leper
	already exists
214 schmecker
	download successfully
215 cobbler
	already exists
215 malefactor
	already exists
215 railroader
	download successfully
216 thunder
	already exists
216 holdover
	download successfully
217 roofer
	already exists
217 ether
	download successfully
218 scenter
	download successfully
219 racer
	already exists
219 ponor
	download successfully
220 tormentor
	already exists
220 coper
	download successfully
221 concealer
	already exists
221 victualler
	already exists
221 hoofer
	download successfully
222 plotter
	already exists
222 seller
	already exists
222 crippler
	download successfully
223 slayer
	download successfully
224 executioner
	download successfully
225 picnicker
	already exists
225 phalanger
	download successfully
226 diffractometer
	download successfully
227 hipper
	download successfully
228 patissier
	download successfully
229 mower
	already exists
229 commutator
	already exists
229 typewriter
	already exists
229 hoar
	download successfully
230 haberdasher
	already exists
230 stargazer
	download successfully
231 calculator
	already exists
231 sphygmomanometer
	already exists
231 popular
	download successfully
232 cheerleader
	already exists
232 snicker
	already exists
232 barber
	already exists
232 render
	download successfully
233 scriber
	already exists
233 pentameter
	download successfully
234 slobber
	download successfully
235 overseer
	download successfully
236 dor
	download successfully
237 drummer
	already exists
237 amplifier
	download successfully
238 barter
	already exists
238 experimenter
	already exists
238 collimator
	already exists
238 retriever
	download successfully
239 furrier
	download successfully
240 preventer
	already exists
240 debater
	download successfully
241 reviewer
	already exists
241 promisor
	download successfully
242 stepladder
	already exists
242 darter
	already exists
242 missioner
	already exists
242 lictor
	already exists
242 integer
	download successfully
243 cryer
	already exists
243 thinner
	download successfully
244 snapper
	already exists
244 ichor
	already exists
244 intoximeter
	download successfully
245 oxpecker
	download successfully
246 baconer
	download successfully
247 loadmaster
	already exists
247 freshener
	download successfully
248 dammar
	already exists
248 sufferer
	already exists
248 paperhanger
	download successfully
249 conserver
	download successfully
250 gobstopper
	already exists
250 outrider
	download successfully
251 lammergeier
	download successfully
252 outgoer
	download successfully
253 fizzer
	download successfully
254 receiver
	already exists
254 honeysucker
	download successfully
255 venator
	download successfully
256 rambler
	already exists
256 earthstar
	already exists
256 bruiser
	download successfully
257 multicellular
	download successfully
258 raiser
	download successfully
259 mooseburger
	download successfully
260 shopkeeper
	already exists
260 composer
	already exists
260 processor
	already exists
260 costumier
	download successfully
261 scimitar
	download successfully
262 dowitcher
	already exists
262 par
	already exists
262 leisurewear
	download successfully
263 clutter
	already exists
263 diner
	download successfully
264 meistersinger
	already exists
264 mor
	download successfully
265 seltzer
	download successfully
266 couturier
	download successfully
267 photomultiplier
	download successfully
268 decider
	download successfully
269 mudskipper
	download successfully
270 broker
	already exists
270 breakwater
	download successfully
271 collider
	already exists
271 clover
	already exists
271 ponderer
	download successfully
272 boiler
	already exists
272 confessor
	already exists
272 potboiler
	download successfully
273 unitor
	download successfully
274 playmaker
	already exists
274 deserter
	download successfully
275 duiker
	download successfully
276 stepper
	already exists
276 november
	already exists
276 laker
	already exists
276 viscometer
	already exists
276 distiller
	download successfully
277 autowinder
	already exists
277 crossbar
	download successfully
278 shipbroker
	download successfully
279 barrister
	already exists
279 thermidor
	already exists
279 silencer
	already exists
279 unraveller
	download successfully
280 yaar
	download successfully
281 subordinator
	already exists
281 grasshopper
	download successfully
282 corporator
	download successfully
283 microwear
	download successfully
284 cavalier
	already exists
284 biedermeier
	download successfully
285 trailer
	already exists
285 bootmaker
	download successfully
286 porker
	already exists
286 separator
	already exists
286 mosstrooper
	download successfully
287 girder
	already exists
287 pensioner
	already exists
287 chronicler
	already exists
287 chamfer
	already exists
287 airliner
	download successfully
288 registerer
	download successfully
289 aerocar
	download successfully
290 blunder
	download successfully
291 tar
	already exists
291 paymaster
	already exists
291 birder
	download successfully
292 artificer
	already exists
292 kitchener
	download successfully
293 renumber
	already exists
293 sender
	already exists
293 chandelier
	already exists
293 spar
	already exists
293 gaffer
	download successfully
294 repeater
	download successfully
295 wicketkeeper
	already exists
295 bencher
	already exists
295 kaiser
	already exists
295 knacker
	download successfully
296 shaker
	already exists
296 loser
	already exists
296 waggler
	download successfully
297 exporter
	already exists
297 hackster
	download successfully
298 rooter
	download successfully
299 merseysider
	download successfully
300 calorimeter
	download successfully
301 mourner
	download successfully
302 paneer
	already exists
302 reformer
	already exists
302 strainer
	download successfully
303 hatter
	already exists
303 prosecutor
	already exists
303 tinker
	already exists
303 floorwalker
	download successfully
304 sportster
	download successfully
305 revolutioner
	download successfully
306 saucer
	already exists
306 solar
	already exists
306 glacier
	already exists
306 tetrameter
	download successfully
307 backpacker
	already exists
307 sensor
	already exists
307 killer
	already exists
307 minitower
	download successfully
308 grinder
	download successfully
309 bowser
	already exists
309 harrier
	already exists
309 zener
	download successfully
310 gunmaker
	download successfully
311 lawnmower
	download successfully
312 painkiller
	download successfully
313 grounder
	download successfully
314 mater
	download successfully
315 throwster
	already exists
315 racegoer
	already exists
315 ironmaster
	download successfully
316 lifestyler
	download successfully
317 crozier
	download successfully
318 backbencher
	already exists
318 monomer
	already exists
318 denominator
	already exists
318 hardanger
	already exists
318 pipeliner
	download successfully
319 pithivier
	download successfully
320 pfeiffer
	already exists
320 refractor
	already exists
320 waiter
	already exists
320 leaguer
	download successfully
321 provender
	download successfully
322 glossator
	download successfully
323 timekeeper
	download successfully
324 aster
	download successfully
325 helper
	download successfully
326 nectar
	download successfully
327 crapper
	download successfully
328 whaler
	already exists
328 underwriter
	already exists
328 rejoinder
	download successfully
329 microfilmer
	download successfully
330 escalator
	already exists
330 floater
	download successfully
331 detractor
	download successfully
332 sandbar
	download successfully
333 sculler
	download successfully
334 maenor
	download successfully
335 queuer
	already exists
335 ringer
	already exists
335 osier
	already exists
335 pepper
	already exists
335 follower
	already exists
335 potentiometer
	download successfully
336 playworker
	download successfully
337 looker
	download successfully
338 steamroller
	already exists
338 charioteer
	download successfully
339 secretor
	download successfully
340 antimacassar
	download successfully
341 whimper
	already exists
341 viper
	already exists
341 mismanager
	download successfully
342 singer
	already exists
342 penholder
	download successfully
343 bachelor
	already exists
343 windjammer
	download successfully
344 prior
	download successfully
345 skitter
	download successfully
346 potter
	already exists
346 freighter
	already exists
346 samovar
	download successfully
347 friar
	already exists
347 trover
	download successfully
348 seer
	already exists
348 squamocolumnar
	download successfully
349 micromanipulator
	already exists
349 trimester
	download successfully
350 bookseller
	download successfully
351 collator
	download successfully
352 battler
	already exists
352 rentier
	already exists
352 anywhither
	download successfully
353 stationmaster
	download successfully
354 locator
	download successfully
355 neuromodulator
	download successfully
356 microcar
	download successfully
357 pulvinar
	download successfully
358 chowkidar
	download successfully
359 autosampler
	download successfully
360 splutter
	already exists
360 picker
	download successfully
361 mountaineer
	already exists
361 pretender
	already exists
361 stonecutter
	download successfully
362 adulter
	download successfully
363 bartender
	already exists
363 sorcerer
	already exists
363 ripener
	already exists
363 durbar
	already exists
363 wrestler
	download successfully
364 ridger
	download successfully
365 procurator
	already exists
365 beamer
	already exists
365 greengrocer
	already exists
365 songwriter
	already exists
365 preprocessor
	already exists
365 overwear
	download successfully
366 wurlitzer
	already exists
366 whoremaster
	download successfully
367 glower
	already exists
367 quaver
	download successfully
368 woodlander
	download successfully
369 issuer
	already exists
369 seismometer
	already exists
369 candleholder
	download successfully
370 terrier
	already exists
370 clocker
	download successfully
371 dumpster
	already exists
371 pegger
	already exists
371 shipbuilder
	download successfully
372 boulevardier
	download successfully
373 legator
	download successfully
374 senor
	download successfully
375 defterdar
	download successfully
376 reverter
	download successfully
377 humdinger
	download successfully
378 topper
	already exists
378 veliger
	already exists
378 laser
	already exists
378 battlecruiser
	download successfully
379 teller
	already exists
379 dear
	already exists
379 goatsucker
	download successfully
380 carburettor
	download successfully
381 debar
	download successfully
382 milometer
	already exists
382 lather
	already exists
382 canker
	already exists
382 halter
	already exists
382 ancestor
	already exists
382 arbiter
	already exists
382 adulterer
	download successfully
383 luthier
	download successfully
384 twitter
	download successfully
385 screamer
	download successfully
386 garter
	already exists
386 taskmaster
	download successfully
387 jigger
	download successfully
388 cadaver
	already exists
388 charter
	already exists
388 botherer
	download successfully
389 benefactor
	already exists
389 upholsterer
	download successfully
390 headstander
	already exists
390 guitar
	already exists
390 serovar
	download successfully
391 embroider
	already exists
391 swimfeeder
	download successfully
392 wholesaler
	already exists
392 dancewear
	download successfully
393 comforter
	already exists
393 shipper
	download successfully
394 dosimeter
	download successfully
395 pursuer
	download successfully
396 salvor
	already exists
396 tetramer
	download successfully
397 sidebar
	download successfully
398 judder
	download successfully
399 grantor
	download successfully
400 nebuhaler
	already exists
400 lurcher
	download successfully
401 pryer
	already exists
401 pucker
	download successfully
402 timber
	already exists
402 speedster
	already exists
402 bear
	already exists
402 moonflower
	already exists
402 shipowner
	already exists
402 sprinter
	already exists
402 clicker
	download successfully
403 allegorizer
	download successfully
404 stockbroker
	already exists
404 telemeter
	download successfully
405 nester
	already exists
405 necromancer
	download successfully
406 arbitrator
	download successfully
407 swinger
	download successfully
408 engender
	download successfully
409 salter
	download successfully
410 beefburger
	download successfully
411 diddler
	already exists
411 dander
	already exists
411 buyer
	already exists
411 tinner
	download successfully
412 meteor
	already exists
412 senator
	download successfully
413 dipper
	already exists
413 limeburner
	download successfully
414 microcomputer
	already exists
414 clobber
	already exists
414 minar
	download successfully
415 babbler
	already exists
415 hoaxer
	download successfully
416 marketeer
	already exists
416 cooker
	already exists
416 teetotaller
	download successfully
417 projector
	download successfully
418 broiler
	download successfully
419 schemer
	download successfully
420 crimper
	download successfully
421 cofactor
	already exists
421 micrometer
	download successfully
422 fresher
	download successfully
423 tremor
	already exists
423 densimeter
	already exists
423 megacarrier
	download successfully
424 housemaster
	already exists
424 runner
	already exists
424 rozzer
	download successfully
425 curler
	already exists
425 decorator
	already exists
425 plasticizer
	download successfully
426 smear
	already exists
426 assessor
	already exists
426 ordinator
	download successfully
427 attacker
	already exists
427 hotter
	download successfully
428 voicer
	download successfully
429 timer
	already exists
429 stator
	download successfully
430 variometer
	download successfully
431 error
	already exists
431 squasher
	already exists
431 shopfitter
	download successfully
432 mentor
	already exists
432 avatar
	already exists
432 nar
	download successfully
433 pipelayer
	download successfully
434 smoker
	already exists
434 salmanazar
	download successfully
435 trawler
	already exists
435 masturbator
	already exists
435 croupier
	download successfully
436 metier
	download successfully
437 scintillator
	already exists
437 particular
	already exists
437 abstractor
	download successfully
438 hatemonger
	download successfully
439 better
	download successfully
440 piercer
	download successfully
441 stabilator
	download successfully
442 takeover
	already exists
442 ureter
	download successfully
443 respirator
	already exists
443 scaremonger
	already exists
443 mutter
	download successfully
444 innkeeper
	already exists
444 sampler
	already exists
444 goober
	download successfully
445 moisturizer
	download successfully
446 downer
	download successfully
447 speedometer
	download successfully
448 executor
	already exists
448 lodestar
	download successfully
449 natter
	download successfully
450 discoverer
	already exists
450 identifier
	download successfully
451 interviewer
	already exists
451 congener
	download successfully
452 filterer
	download successfully
453 manor
	already exists
453 sonar
	already exists
453 mauler
	download successfully
454 toddler
	already exists
454 colorimeter
	download successfully
455 sandpiper
	download successfully
456 tracker
	already exists
456 compurgator
	download successfully
457 speculator
	already exists
457 popper
	already exists
457 pulpiteer
	already exists
457 skewer
	download successfully
458 dosser
	download successfully
459 lever
	already exists
459 legislator
	already exists
459 miniver
	download successfully
460 gravedigger
	already exists
460 greaser
	already exists
460 exterior
	already exists
460 messager
	download successfully
461 seder
	already exists
461 signor
	download successfully
462 modulor
	download successfully
463 excavator
	download successfully
464 rover
	already exists
464 originator
	already exists
464 spoiler
	download successfully
465 practitioner
	already exists
465 commoner
	already exists
465 wonder
	already exists
465 chigger
	download successfully
466 cathar
	download successfully
467 streetcar
	already exists
467 mariner
	already exists
467 pedometer
	download successfully
468 porringer
	download successfully
469 cyber
	already exists
469 bunger
	download successfully
470 exemplifier
	already exists
470 waiver
	download successfully
471 overbear
	already exists
471 mirror
	already exists
471 todger
	download successfully
472 batter
	already exists
472 langer
	download successfully
473 thyristor
	download successfully
474 imager
	already exists
474 ejaculator
	already exists
474 alvar
	download successfully
475 astronomer
	already exists
475 premotor
	download successfully
476 outerwear
	download successfully
477 fester
	download successfully
478 petrodollar
	download successfully
479 rewarder
	download successfully
480 kicker
	download successfully
481 hardcover
	download successfully
482 pressmaster
	download successfully
483 visor
	download successfully
484 caster
	already exists
484 thiller
	already exists
484 ginger
	already exists
484 biographer
	already exists
484 winner
	already exists
484 cashier
	already exists
484 nightwalker
	download successfully
485 toastmaster
	download successfully
486 westerner
	already exists
486 exchequer
	already exists
486 temper
	already exists
486 opener
	already exists
486 sinter
	download successfully
487 finder
	download successfully
488 subsoiler
	download successfully
489 wallflower
	download successfully
490 respecter
	download successfully
491 ringmaster
	already exists
491 tensor
	already exists
491 shiver
	already exists
491 snooker
	already exists
491 pusher
	already exists
491 minster
	already exists
491 overlooker
	already exists
491 privateer
	download successfully
492 antimatter
	download successfully
493 reactor
	already exists
493 gnatcatcher
	download successfully
494 skimmer
	download successfully
495 ricercar
	already exists
495 terror
	already exists
495 extractor
	download successfully
496 stickler
	already exists
496 trochlear
	download successfully
497 neanderthaler
	already exists
497 annunciator
	already exists
497 busser
	download successfully
498 lightener
	already exists
498 swear
	download successfully
499 lumper
	download successfully
500 binder
	already exists
500 outer
	download successfully
501 profiteer
	download successfully
502 fodder
	already exists
502 shearwater
	download successfully
503 watchmaker
	download successfully
504 hellraiser
	already exists
504 streetwalker
	download successfully
505 pacesetter
	download successfully
506 prater
	download successfully
507 modifier
	download successfully
508 elastomer
	download successfully
509 convector
	download successfully
510 helicobacter
	download successfully
511 remembrancer
	download successfully
512 alder
	already exists
512 minisupercomputer
	download successfully
513 lender
	download successfully
514 coulter
	already exists
514 muster
	already exists
514 divider
	download successfully
515 dimer
	already exists
515 supercharger
	download successfully
516 iodophor
	download successfully
517 dapper
	already exists
517 goalminder
	download successfully
518 lancer
	already exists
518 costermonger
	download successfully
519 buzzer
	already exists
519 prefactor
	download successfully
520 masher
	already exists
520 caper
	download successfully
521 fuller
	download successfully
522 campylobacter
	download successfully
523 leveller
	download successfully
524 stirrer
	download successfully
525 sheepshagger
	download successfully
526 tiller
	already exists
526 dozer
	download successfully
527 winger
	already exists
527 mortgagor
	download successfully
528 oculomotor
	already exists
528 admirer
	already exists
528 keeper
	already exists
528 bolster
	download successfully
529 combiner
	download successfully
530 campaigner
	already exists
530 censor
	already exists
530 axminster
	already exists
530 overruler
	download successfully
531 bookbinder
	already exists
531 forerunner
	already exists
531 haemocytometer
	download successfully
532 percolator
	already exists
532 fisher
	download successfully
533 headmaster
	already exists
533 funster
	download successfully
534 reindeer
	download successfully
535 poindexter
	download successfully
536 rapier
	already exists
536 customer
	already exists
536 auster
	already exists
536 buccaneer
	already exists
536 northerner
	download successfully
537 snigger
	already exists
537 cheater
	download successfully
538 miscalculator
	download successfully
539 rotifer
	download successfully
540 grosser
	download successfully
541 veneer
	already exists
541 gangbuster
	download successfully
542 excelsior
	already exists
542 beggar
	already exists
542 boor
	download successfully
543 scar
	already exists
543 lacquer
	already exists
543 remainer
	download successfully
544 herder
	already exists
544 eater
	already exists
544 dispatcher
	already exists
544 zipper
	already exists
544 autochanger
	already exists
544 tosser
	download successfully
545 englisher
	download successfully
546 overhearer
	download successfully
547 digester
	download successfully
548 cleaver
	already exists
548 perjuror
	download successfully
549 storekeeper
	already exists
549 blooper
	download successfully
550 conductor
	already exists
550 astrologer
	download successfully
551 shitkicker
	download successfully
552 spinster
	already exists
552 calender
	already exists
552 achernar
	download successfully
553 weather
	already exists
553 willpower
	already exists
553 tracer
	already exists
553 signifier
	already exists
553 forebear
	already exists
553 mutineer
	already exists
553 believer
	already exists
553 outworker
	already exists
553 bellflower
	download successfully
554 aimer
	already exists
554 liberator
	download successfully
555 routier
	download successfully
556 firemaster
	already exists
556 chanticleer
	download successfully
557 netminder
	download successfully
558 vasopressor
	download successfully
559 horsebreaker
	download successfully
560 scamster
	already exists
560 plonker
	already exists
560 acceptor
	download successfully
561 showgoer
	download successfully
562 reorder
	already exists
562 spencer
	download successfully
563 investigator
	already exists
563 faker
	already exists
563 bandolier
	download successfully
564 eschar
	download successfully
565 freebooter
	already exists
565 forrader
	already exists
565 souther
	download successfully
566 shofar
	download successfully
567 dinner
	already exists
567 pear
	download successfully
568 ribber
	already exists
568 trier
	download successfully
569 lawyer
	already exists
569 labrador
	already exists
569 goniometer
	download successfully
570 bottler
	already exists
570 zither
	download successfully
571 brazier
	already exists
571 backer
	already exists
571 contactor
	already exists
571 pollster
	download successfully
572 ionomer
	already exists
572 clodhopper
	download successfully
573 sitar
	already exists
573 backbar
	already exists
573 yesteryear
	download successfully
574 lounger
	download successfully
575 purchaser
	already exists
575 muvver
	download successfully
576 singular
	already exists
576 palmier
	already exists
576 supinator
	already exists
576 ruler
	already exists
576 tipper
	download successfully
577 litter
	already exists
577 later
	download successfully
578 spillover
	already exists
578 atomizer
	download successfully
579 sewer
	already exists
579 breastsummer
	download successfully
580 pouter
	download successfully
581 hijacker
	already exists
581 wallpaper
	already exists
581 hosier
	already exists
581 gibber
	already exists
581 muffler
	already exists
581 beachwear
	already exists
581 toymaker
	download successfully
582 snorter
	already exists
582 ranger
	already exists
582 supervisor
	already exists
582 dissenter
	already exists
582 snuffer
	download successfully
583 translator
	already exists
583 indenter
	already exists
583 another
	already exists
583 freeloader
	download successfully
584 pinder
	download successfully
585 occluder
	already exists
585 tier
	already exists
585 lawmaker
	already exists
585 condor
	download successfully
586 dinar
	download successfully
587 microdensitometer
	download successfully
588 seeker
	already exists
588 sider
	download successfully
589 duffer
	download successfully
590 marketer
	already exists
590 clavier
	already exists
590 commentator
	already exists
590 peninsular
	download successfully
591 copier
	already exists
591 vicar
	already exists
591 carabineer
	download successfully
592 cropper
	already exists
592 inquisitor
	already exists
592 slither
	already exists
592 sonneteer
	download successfully
593 adder
	already exists
593 smother
	already exists
593 stagger
	download successfully
594 vizier
	download successfully
595 heptamer
	already exists
595 vindicator
	already exists
595 streetwear
	already exists
595 houseworker
	download successfully
596 qualifier
	already exists
596 enchanter
	already exists
596 oscar
	already exists
596 funkster
	download successfully
597 matador
	already exists
597 motherer
	already exists
597 leftover
	download successfully
598 hamper
	already exists
598 nightjar
	download successfully
599 controller
	already exists
599 isobar
	download successfully
600 premolar
	download successfully
601 passer
	download successfully
602 drear
	already exists
602 belter
	download successfully
603 honeycreeper
	download successfully
604 rasher
	already exists
604 powermonger
	download successfully
605 workover
	download successfully
606 dagger
	already exists
606 solder
	download successfully
607 gillyflower
	download successfully
608 stadtholder
	download successfully
609 jointer
	download successfully
610 trapper
	already exists
610 ticker
	already exists
610 verger
	download successfully
611 chipmaker
	download successfully
612 hunker
	already exists
612 multiplier
	download successfully
613 repressor
	download successfully
614 bondager
	download successfully
615 rear
	already exists
615 enhancer
	download successfully
616 sweater
	already exists
616 improvisor
	download successfully
617 pictor
	download successfully
618 bitzer
	download successfully
619 weeper
	already exists
619 borrower
	already exists
619 scrambler
	download successfully
620 balladeer
	download successfully
621 weimaraner
	download successfully
622 inver
	download successfully
623 striper
	download successfully
624 caterer
	already exists
624 constrictor
	download successfully
625 flapper
	already exists
625 starver
	already exists
625 lawgiver
	download successfully
626 container
	already exists
626 rater
	download successfully
627 falter
	download successfully
628 houser
	download successfully
629 miller
	download successfully
630 elver
	download successfully
631 perpendicular
	download successfully
632 neuromotor
	already exists
632 gather
	already exists
632 gricer
	already exists
632 corridor
	already exists
632 tiebreaker
	download successfully
633 homemaker
	download successfully
634 trapdoor
	download successfully
635 photosensitizer
	download successfully
636 cocker
	already exists
636 vetter
	already exists
636 deener
	download successfully
637 sailer
	download successfully
638 flogger
	already exists
638 incisor
	download successfully
639 mercer
	already exists
639 perambulator
	download successfully
640 slurper
	download successfully
641 geyser
	already exists
641 maar
	download successfully
642 aflutter
	download successfully
643 shoulder
	already exists
643 justiciar
	already exists
643 racketeer
	already exists
643 stockbreeder
	download successfully
644 brewer
	already exists
644 mainstreamer
	download successfully
645 barkeeper
	download successfully
646 disclaimer
	download successfully
647 scalper
	download successfully
648 winegrower
	download successfully
649 loudhailer
	download successfully
650 junior
	already exists
650 pawnbroker
	already exists
650 cottar
	download successfully
651 josser
	already exists
651 wrapper
	already exists
651 cantor
	already exists
651 tranquillizer
	download successfully
652 romper
	download successfully
653 sawyer
	download successfully
654 nutter
	already exists
654 visuomotor
	download successfully
655 similar
	already exists
655 abductor
	download successfully
656 oscillator
	already exists
656 arranger
	already exists
656 nipper
	already exists
656 brother
	already exists
656 ironmonger
	download successfully
657 juniper
	already exists
657 pelletizer
	download successfully
658 matchmaker
	download successfully
659 camcorder
	already exists
659 railcar
	download successfully
660 preamplifier
	already exists
660 pumper
	already exists
660 bloodsucker
	already exists
660 adrenoceptor
	download successfully
661 leer
	already exists
661 powder
	already exists
661 platter
	already exists
661 imitator
	already exists
661 questioner
	already exists
661 soother
	download successfully
662 cucumber
	already exists
662 rediscover
	download successfully
663 ladder
	already exists
663 rabbiter
	download successfully
664 potager
	already exists
664 leister
	download successfully
665 beginner
	already exists
665 sear
	already exists
665 souter
	download successfully
666 butcher
	already exists
666 changer
	download successfully
667 stranger
	already exists
667 applicator
	download successfully
668 mister
	download successfully
669 fixer
	already exists
669 tusker
	download successfully
670 declarator
	download successfully
671 ashlar
	already exists
671 usher
	download successfully
672 synthesizer
	download successfully
673 ambassador
	already exists
673 negotiator
	already exists
673 acinar
	download successfully
674 householder
	already exists
674 languor
	already exists
674 psychobiographer
	download successfully
675 stoner
	already exists
675 netter
	download successfully
676 tinder
	download successfully
677 realtor
	already exists
677 refrigerator
	already exists
677 splatter
	download successfully
678 usager
	already exists
678 hater
	download successfully
679 passover
	download successfully
680 lawbreaker
	download successfully
681 sticker
	already exists
681 sizar
	download successfully
682 loosener
	download successfully
683 sagar
	already exists
683 citator
	download successfully
684 roller
	already exists
684 scrubber
	already exists
684 copolymer
	already exists
684 solicitor
	already exists
684 lexicographer
	download successfully
685 underwear
	already exists
685 minenwerfer
	download successfully
686 installer
	download successfully
687 auditor
	already exists
687 bodger
	download successfully
688 attenuator
	already exists
688 mixer
	already exists
688 gulper
	already exists
688 creeper
	download successfully
689 stoker
	download successfully
690 kindergartener
	download successfully
691 collar
	already exists
691 razor
	already exists
691 bowyer
	already exists
691 travelator
	already exists
691 hackbutter
	already exists
691 elster
	download successfully
692 jobmaster
	download successfully
693 vernacular
	already exists
693 camphor
	already exists
693 gasholder
	already exists
693 insider
	already exists
693 stinker
	already exists
693 broadcaster
	already exists
693 rodder
	download successfully
694 haar
	download successfully
695 competitor
	already exists
695 reseller
	download successfully
696 ghostwriter
	download successfully
697 tubular
	already exists
697 ornamenter
	download successfully
698 dragster
	download successfully
699 pioneer
	already exists
699 puzzler
	download successfully
700 glister
	download successfully
701 teleprompter
	download successfully
702 puppeteer
	already exists
702 phototransistor
	download successfully
703 regular
	already exists
703 crowner
	download successfully
704 obstructer
	download successfully
705 ledger
	already exists
705 protector
	already exists
705 beater
	already exists
705 seawater
	already exists
705 disinter
	already exists
705 cancer
	already exists
705 tourer
	download successfully
706 latecomer
	download successfully
707 classifier
	download successfully
708 moderator
	already exists
708 backstroker
	download successfully
709 preacher
	already exists
709 waster
	already exists
709 tonometer
	download successfully
710 blather
	already exists
710 slipcover
	download successfully
711 servomotor
	already exists
711 tarpaper
	download successfully
712 minicomputer
	download successfully
713 initiator
	already exists
713 bandleader
	already exists
713 sunflower
	already exists
713 multilayer
	already exists
713 optomotor
	download successfully
714 redemptor
	download successfully
715 bedchamber
	already exists
715 december
	download successfully
716 interior
	already exists
716 rustler
	download successfully
717 alcazar
	already exists
717 duergar
	download successfully
718 palmer
	download successfully
719 ruffler
	download successfully
720 halberdier
	download successfully
721 cheesemaker
	already exists
721 visitor
	already exists
721 biowar
	download successfully
722 sucker
	already exists
722 firelighter
	download successfully
723 riser
	already exists
723 upholster
	download successfully
724 intercessor
	download successfully
725 exor
	download successfully
726 picador
	already exists
726 stockjobber
	already exists
726 cofferer
	download successfully
727 breeder
	already exists
727 maltster
	download successfully
728 geezer
	already exists
728 policymaker
	download successfully
729 incomer
	download successfully
730 obturator
	download successfully
731 major
	already exists
731 orator
	download successfully
732 downlighter
	download successfully
733 hairdryer
	already exists
733 swagger
	already exists
733 monster
	already exists
733 snotter
	download successfully
734 berserker
	already exists
734 suborder
	download successfully
735 shifter
	already exists
735 tenter
	download successfully
736 megaseller
	download successfully
737 salwar
	already exists
737 munter
	download successfully
738 roadmaster
	download successfully
739 receptor
	already exists
739 sapper
	already exists
739 prosector
	already exists
739 trouser
	already exists
739 stridor
	already exists
739 menswear
	download successfully
740 chaser
	already exists
740 rigor
	download successfully
741 granddaughter
	already exists
741 hander
	already exists
741 sturmer
	download successfully
742 sidewinder
	download successfully
743 sickener
	download successfully
744 contributor
	already exists
744 seminar
	already exists
744 pother
	download successfully
745 northeaster
	download successfully
746 october
	already exists
746 baluster
	download successfully
747 skeeter
	download successfully
748 handshaker
	already exists
748 stepbrother
	download successfully
749 ammeter
	download successfully
750 technofear
	already exists
750 linker
	download successfully
751 laver
	download successfully
752 primer
	download successfully
753 hooker
	already exists
753 profilometer
	download successfully
754 register
	already exists
754 roemer
	already exists
754 sundowner
	download successfully
755 putcher
	download successfully
756 flowmeter
	download successfully
757 bender
	already exists
757 footballer
	already exists
757 understeer
	download successfully
758 cleaner
	already exists
758 actor
	already exists
758 disbeliever
	download successfully
759 heritor
	already exists
759 raptor
	download successfully
760 carmaker
	already exists
760 hussar
	already exists
760 buster
	already exists
760 chafer
	already exists
760 southerner
	download successfully
761 housefather
	already exists
761 schoolteacher
	already exists
761 kidnapper
	download successfully
762 aerogenerator
	already exists
762 warrior
	already exists
762 cotoneaster
	already exists
762 windbreaker
	download successfully
763 godmother
	already exists
763 crystallizer
	download successfully
764 accipiter
	already exists
764 jaeger
	already exists
764 prayer
	already exists
764 notepaper
	download successfully
765 pardner
	already exists
765 nutcracker
	download successfully
766 wowser
	download successfully
767 eggar
	download successfully
768 scorekeeper
	already exists
768 carpenter
	already exists
768 banister
	already exists
